<?xml version="1.0" encoding="UTF-8"?>
<!-- Generated by org.testng.reporters.JUnitReportReporter -->
<testsuite hostname="DESKTOP-D783K9I" failures="0" tests="1" name="demo.practice" time="0.026" errors="0" timestamp="2023-05-04T18:31:17 IST" skipped="0">
  <testcase classname="demo.practice" name="pract" time="0.026"/>
  <system-out/>
</testsuite> <!-- demo.practice -->
